<?xml version="1.0" encoding="UTF-8"?>
<!-- Generated by org.testng.reporters.JUnitReportReporter -->
<testsuite hostname="DESKTOP-H0OKICK" failures="0" tests="3" name="com.vstl.scripts.LoginLogoutTest" time="10.384" errors="0" timestamp="2024-12-13T10:35:01 IST" skipped="0">
  <testcase classname="com.vstl.scripts.LoginLogoutTest" name="TCID_02_VerifyValidUsernameEmptyPassword" time="2.566"/>
  <system-out/>
  <testcase classname="com.vstl.scripts.LoginLogoutTest" name="TCID_01_VerifyValidLoginCredentials" time="5.521"/>
  <system-out/>
  <testcase classname="com.vstl.scripts.LoginLogoutTest" name="TCID_03_VerifyEmptyUsernameValidPassword" time="2.297"/>
  <system-out/>
</testsuite> <!-- com.vstl.scripts.LoginLogoutTest -->
